14:02:18 debug: 2024/6/28下午2:02:18
14:02:18 debug: Project: C:\Users\咩\Desktop\typescript\wx_mini_game
14:02:18 debug: Targets: editor,preview
14:02:18 debug: Incremental file seems great.
14:02:18 debug: Engine path: D:\ProgramData\cocos\editors\Creator\3.8.3\resources\resources\3d\engine
14:02:18 debug: Initializing target [Editor]
14:02:18 debug: Loading cache
14:02:18 debug: Loading cache costs 6.906599998474121ms.
14:02:18 debug: Engine features shipped in editor: base,gfx-webgl,gfx-webgl2,gfx-empty,3d,animation,skeletal-animation,2d,ui,particle,particle-2d,physics-framework,physics-2d-framework,physics-2d-box2d-wasm,intersection-2d,primitive,profiler,occlusion-query,geometry-renderer,debug-renderer,audio,video,xr,light-probe,terrain,webview,tween,tiled-map,spine,dragon-bones,marionette,procedural-animation,custom-pipeline,websocket,websocket-server,meshopt
14:02:18 debug: Our import map(foo:/bar): {
  "imports": {
    "cc": "cce:/internal/x/cc"
  }
}
14:02:18 debug: Initializing target [Preview]
14:02:18 debug: Loading cache
14:02:18 debug: Loading cache costs 5.4475998878479ms.
14:02:18 debug: Our import map(foo:/bar): {
  "imports": {
    "cc": "cce:/internal/x/cc"
  }
}
14:02:18 debug: Sync engine features: 2d,animation,audio,base,dragon-bones,gfx-webgl,gfx-webgl2,intersection-2d,meshopt,particle-2d,physics-2d-box2d,profiler,spine,tiled-map,tween,ui,video,webview
14:02:18 debug: Reset databases. Enumerated domains: [
  {
    "root": "db://internal/",
    "physical": "D:\\ProgramData\\cocos\\editors\\Creator\\3.8.3\\resources\\resources\\3d\\engine\\editor\\assets"
  },
  {
    "root": "db://assets/",
    "physical": "C:\\Users\\咩\\Desktop\\typescript\\wx_mini_game\\assets"
  }
]
14:02:18 debug: Our import map(foo:/bar): {
  "imports": {
    "cc": "cce:/internal/x/cc",
    "db://internal/": "file:///D:/ProgramData/cocos/editors/Creator/3.8.3/resources/resources/3d/engine/editor/assets/",
    "db://assets/": "file:///C:/Users/%E5%92%A9/Desktop/typescript/wx_mini_game/assets/"
  }
}
14:02:18 debug: Our import map(foo:/bar): {
  "imports": {
    "cc": "cce:/internal/x/cc",
    "db://internal/": "file:///D:/ProgramData/cocos/editors/Creator/3.8.3/resources/resources/3d/engine/editor/assets/",
    "db://assets/": "file:///C:/Users/%E5%92%A9/Desktop/typescript/wx_mini_game/assets/"
  }
}
14:02:18 debug: Pulling asset-db.
14:02:18 debug: Fetch asset-db cost: 6.013200044631958ms.
14:02:18 debug: Build iteration starts.
Number of accumulated asset changes: 1
Feature changed: false
14:02:18 debug: Target(editor) build started.
14:02:18 debug: Detected change: cce:/internal/x/cc. Last mtime: Thu Jan 01 1970 08:00:37 GMT+0800 (中国标准时间), Current mtime: Thu Jan 01 1970 08:00:34 GMT+0800 (中国标准时间)
14:02:18 debug: Inspect cce:/internal/x/cc
14:02:18 debug: Resolve cce:/internal/x/cc-fu/base from cce:/internal/x/cc as external dependency cce:/internal/x/cc-fu/base.
14:02:18 debug: Resolve cce:/internal/x/cc-fu/gfx-webgl from cce:/internal/x/cc as external dependency cce:/internal/x/cc-fu/gfx-webgl.
14:02:18 debug: Resolve cce:/internal/x/cc-fu/gfx-webgl2 from cce:/internal/x/cc as external dependency cce:/internal/x/cc-fu/gfx-webgl2.
14:02:18 debug: Resolve cce:/internal/x/cc-fu/gfx-empty from cce:/internal/x/cc as external dependency cce:/internal/x/cc-fu/gfx-empty.
14:02:18 debug: Resolve cce:/internal/x/cc-fu/3d from cce:/internal/x/cc as external dependency cce:/internal/x/cc-fu/3d.
14:02:18 debug: Resolve cce:/internal/x/cc-fu/animation from cce:/internal/x/cc as external dependency cce:/internal/x/cc-fu/animation.
14:02:18 debug: Resolve cce:/internal/x/cc-fu/skeletal-animation from cce:/internal/x/cc as external dependency cce:/internal/x/cc-fu/skeletal-animation.
14:02:18 debug: Resolve cce:/internal/x/cc-fu/2d from cce:/internal/x/cc as external dependency cce:/internal/x/cc-fu/2d.
14:02:18 debug: Resolve cce:/internal/x/cc-fu/sorting from cce:/internal/x/cc as external dependency cce:/internal/x/cc-fu/sorting.
14:02:18 debug: Resolve cce:/internal/x/cc-fu/ui from cce:/internal/x/cc as external dependency cce:/internal/x/cc-fu/ui.
14:02:18 debug: Resolve cce:/internal/x/cc-fu/particle from cce:/internal/x/cc as external dependency cce:/internal/x/cc-fu/particle.
14:02:18 debug: Resolve cce:/internal/x/cc-fu/particle-2d from cce:/internal/x/cc as external dependency cce:/internal/x/cc-fu/particle-2d.
14:02:18 debug: Resolve cce:/internal/x/cc-fu/physics-framework from cce:/internal/x/cc as external dependency cce:/internal/x/cc-fu/physics-framework.
14:02:18 debug: Resolve cce:/internal/x/cc-fu/physics-2d-framework from cce:/internal/x/cc as external dependency cce:/internal/x/cc-fu/physics-2d-framework.
14:02:18 debug: Resolve cce:/internal/x/cc-fu/physics-2d-box2d-wasm from cce:/internal/x/cc as external dependency cce:/internal/x/cc-fu/physics-2d-box2d-wasm.
14:02:18 debug: Resolve cce:/internal/x/cc-fu/intersection-2d from cce:/internal/x/cc as external dependency cce:/internal/x/cc-fu/intersection-2d.
14:02:18 debug: Resolve cce:/internal/x/cc-fu/primitive from cce:/internal/x/cc as external dependency cce:/internal/x/cc-fu/primitive.
14:02:18 debug: Resolve cce:/internal/x/cc-fu/profiler from cce:/internal/x/cc as external dependency cce:/internal/x/cc-fu/profiler.
14:02:18 debug: Resolve cce:/internal/x/cc-fu/geometry-renderer from cce:/internal/x/cc as external dependency cce:/internal/x/cc-fu/geometry-renderer.
14:02:18 debug: Resolve cce:/internal/x/cc-fu/audio from cce:/internal/x/cc as external dependency cce:/internal/x/cc-fu/audio.
14:02:18 debug: Resolve cce:/internal/x/cc-fu/video from cce:/internal/x/cc as external dependency cce:/internal/x/cc-fu/video.
14:02:18 debug: Resolve cce:/internal/x/cc-fu/xr from cce:/internal/x/cc as external dependency cce:/internal/x/cc-fu/xr.
14:02:18 debug: Resolve cce:/internal/x/cc-fu/light-probe from cce:/internal/x/cc as external dependency cce:/internal/x/cc-fu/light-probe.
14:02:18 debug: Resolve cce:/internal/x/cc-fu/terrain from cce:/internal/x/cc as external dependency cce:/internal/x/cc-fu/terrain.
14:02:18 debug: Resolve cce:/internal/x/cc-fu/webview from cce:/internal/x/cc as external dependency cce:/internal/x/cc-fu/webview.
14:02:18 debug: Resolve cce:/internal/x/cc-fu/tween from cce:/internal/x/cc as external dependency cce:/internal/x/cc-fu/tween.
14:02:18 debug: Resolve cce:/internal/x/cc-fu/tiled-map from cce:/internal/x/cc as external dependency cce:/internal/x/cc-fu/tiled-map.
14:02:18 debug: Resolve cce:/internal/x/cc-fu/spine from cce:/internal/x/cc as external dependency cce:/internal/x/cc-fu/spine.
14:02:18 debug: Resolve cce:/internal/x/cc-fu/dragon-bones from cce:/internal/x/cc as external dependency cce:/internal/x/cc-fu/dragon-bones.
14:02:18 debug: Resolve cce:/internal/x/cc-fu/custom-pipeline from cce:/internal/x/cc as external dependency cce:/internal/x/cc-fu/custom-pipeline.
14:02:18 debug: Detected change: cce:/internal/x/prerequisite-imports. Last mtime: Thu Jan 01 1970 08:00:43 GMT+0800 (中国标准时间), Current mtime: Thu Jan 01 1970 08:00:34 GMT+0800 (中国标准时间)
14:02:18 debug: Inspect cce:/internal/x/prerequisite-imports
14:02:18 debug: Resolve file:///D:/ProgramData/cocos/editors/Creator/3.8.3/resources/resources/3d/engine/editor/assets/tools/debug-view-runtime-control.ts from cce:/internal/x/prerequisite-imports as file:///D:/ProgramData/cocos/editors/Creator/3.8.3/resources/resources/3d/engine/editor/assets/tools/debug-view-runtime-control.ts.
14:02:18 debug: Inspect file:///D:/ProgramData/cocos/editors/Creator/3.8.3/resources/resources/3d/engine/editor/assets/tools/debug-view-runtime-control.ts
14:02:19 debug: Resolve cc from file:///D:/ProgramData/cocos/editors/Creator/3.8.3/resources/resources/3d/engine/editor/assets/tools/debug-view-runtime-control.ts as cce:/internal/x/cc.
14:02:19 debug: Resolve cc from file:///D:/ProgramData/cocos/editors/Creator/3.8.3/resources/resources/3d/engine/editor/assets/tools/debug-view-runtime-control.ts as cce:/internal/x/cc.
14:02:19 debug: Resolve cc from file:///D:/ProgramData/cocos/editors/Creator/3.8.3/resources/resources/3d/engine/editor/assets/tools/debug-view-runtime-control.ts as cce:/internal/x/cc.
14:02:19 debug: Target(editor) ends with cost 878.644100189209ms.
14:02:19 debug: Target(preview) build started.
14:02:19 debug: Detected change: cce:/internal/x/cc. Last mtime: Thu Jan 01 1970 08:00:37 GMT+0800 (中国标准时间), Current mtime: Thu Jan 01 1970 08:00:34 GMT+0800 (中国标准时间)
14:02:19 debug: Inspect cce:/internal/x/cc
14:02:19 debug: Resolve cce:/internal/x/cc-fu/2d from cce:/internal/x/cc as external dependency cce:/internal/x/cc-fu/2d.
14:02:19 debug: Resolve cce:/internal/x/cc-fu/sorting from cce:/internal/x/cc as external dependency cce:/internal/x/cc-fu/sorting.
14:02:19 debug: Resolve cce:/internal/x/cc-fu/animation from cce:/internal/x/cc as external dependency cce:/internal/x/cc-fu/animation.
14:02:19 debug: Resolve cce:/internal/x/cc-fu/audio from cce:/internal/x/cc as external dependency cce:/internal/x/cc-fu/audio.
14:02:19 debug: Resolve cce:/internal/x/cc-fu/base from cce:/internal/x/cc as external dependency cce:/internal/x/cc-fu/base.
14:02:19 debug: Resolve cce:/internal/x/cc-fu/dragon-bones from cce:/internal/x/cc as external dependency cce:/internal/x/cc-fu/dragon-bones.
14:02:19 debug: Resolve cce:/internal/x/cc-fu/gfx-webgl from cce:/internal/x/cc as external dependency cce:/internal/x/cc-fu/gfx-webgl.
14:02:19 debug: Resolve cce:/internal/x/cc-fu/gfx-webgl2 from cce:/internal/x/cc as external dependency cce:/internal/x/cc-fu/gfx-webgl2.
14:02:19 debug: Resolve cce:/internal/x/cc-fu/intersection-2d from cce:/internal/x/cc as external dependency cce:/internal/x/cc-fu/intersection-2d.
14:02:19 debug: Resolve cce:/internal/x/cc-fu/particle-2d from cce:/internal/x/cc as external dependency cce:/internal/x/cc-fu/particle-2d.
14:02:19 debug: Resolve cce:/internal/x/cc-fu/physics-2d-box2d from cce:/internal/x/cc as external dependency cce:/internal/x/cc-fu/physics-2d-box2d.
14:02:19 debug: Resolve cce:/internal/x/cc-fu/physics-2d-framework from cce:/internal/x/cc as external dependency cce:/internal/x/cc-fu/physics-2d-framework.
14:02:19 debug: Resolve cce:/internal/x/cc-fu/profiler from cce:/internal/x/cc as external dependency cce:/internal/x/cc-fu/profiler.
14:02:19 debug: Resolve cce:/internal/x/cc-fu/spine from cce:/internal/x/cc as external dependency cce:/internal/x/cc-fu/spine.
14:02:19 debug: Resolve cce:/internal/x/cc-fu/tiled-map from cce:/internal/x/cc as external dependency cce:/internal/x/cc-fu/tiled-map.
14:02:19 debug: Resolve cce:/internal/x/cc-fu/tween from cce:/internal/x/cc as external dependency cce:/internal/x/cc-fu/tween.
14:02:19 debug: Resolve cce:/internal/x/cc-fu/ui from cce:/internal/x/cc as external dependency cce:/internal/x/cc-fu/ui.
14:02:19 debug: Resolve cce:/internal/x/cc-fu/video from cce:/internal/x/cc as external dependency cce:/internal/x/cc-fu/video.
14:02:19 debug: Resolve cce:/internal/x/cc-fu/webview from cce:/internal/x/cc as external dependency cce:/internal/x/cc-fu/webview.
14:02:19 debug: Detected change: cce:/internal/x/prerequisite-imports. Last mtime: Thu Jan 01 1970 08:00:43 GMT+0800 (中国标准时间), Current mtime: Thu Jan 01 1970 08:00:35 GMT+0800 (中国标准时间)
14:02:19 debug: Inspect cce:/internal/x/prerequisite-imports
14:02:19 debug: Resolve file:///D:/ProgramData/cocos/editors/Creator/3.8.3/resources/resources/3d/engine/editor/assets/tools/debug-view-runtime-control.ts from cce:/internal/x/prerequisite-imports as file:///D:/ProgramData/cocos/editors/Creator/3.8.3/resources/resources/3d/engine/editor/assets/tools/debug-view-runtime-control.ts.
14:02:19 debug: Inspect file:///D:/ProgramData/cocos/editors/Creator/3.8.3/resources/resources/3d/engine/editor/assets/tools/debug-view-runtime-control.ts
14:02:20 debug: Resolve cc from file:///D:/ProgramData/cocos/editors/Creator/3.8.3/resources/resources/3d/engine/editor/assets/tools/debug-view-runtime-control.ts as cce:/internal/x/cc.
14:02:20 debug: Resolve cc from file:///D:/ProgramData/cocos/editors/Creator/3.8.3/resources/resources/3d/engine/editor/assets/tools/debug-view-runtime-control.ts as cce:/internal/x/cc.
14:02:20 debug: Resolve cc from file:///D:/ProgramData/cocos/editors/Creator/3.8.3/resources/resources/3d/engine/editor/assets/tools/debug-view-runtime-control.ts as cce:/internal/x/cc.
14:02:20 debug: Target(preview) ends with cost 612.1688001155853ms.
14:02:23 debug: Pulling asset-db.
14:02:25 debug: Fetch asset-db cost: 1622.5292999744415ms.
14:02:25 debug: Build iteration starts.
Number of accumulated asset changes: 1
Feature changed: false
14:02:25 debug: Target(editor) build started.
14:02:25 debug: Detected change: cce:/internal/x/prerequisite-imports. Last mtime: Thu Jan 01 1970 08:00:34 GMT+0800 (中国标准时间), Current mtime: Thu Jan 01 1970 08:00:41 GMT+0800 (中国标准时间)
14:02:25 debug: Inspect cce:/internal/x/prerequisite-imports
14:02:26 debug: Resolve file:///D:/ProgramData/cocos/editors/Creator/3.8.3/resources/resources/3d/engine/editor/assets/tools/debug-view-runtime-control.ts from cce:/internal/x/prerequisite-imports as file:///D:/ProgramData/cocos/editors/Creator/3.8.3/resources/resources/3d/engine/editor/assets/tools/debug-view-runtime-control.ts.
14:02:26 debug: Target(editor) ends with cost 1018.3671998977661ms.
14:02:26 debug: Target(preview) build started.
14:02:26 debug: Detected change: cce:/internal/x/prerequisite-imports. Last mtime: Thu Jan 01 1970 08:00:35 GMT+0800 (中国标准时间), Current mtime: Thu Jan 01 1970 08:00:42 GMT+0800 (中国标准时间)
14:02:26 debug: Inspect cce:/internal/x/prerequisite-imports
14:02:26 debug: Resolve file:///D:/ProgramData/cocos/editors/Creator/3.8.3/resources/resources/3d/engine/editor/assets/tools/debug-view-runtime-control.ts from cce:/internal/x/prerequisite-imports as file:///D:/ProgramData/cocos/editors/Creator/3.8.3/resources/resources/3d/engine/editor/assets/tools/debug-view-runtime-control.ts.
14:02:27 debug: Target(preview) ends with cost 353.189199924469ms.
14:02:54 debug: Dispatch build request for time accumulated 1 asset changes.
14:02:54 debug: Build iteration starts.
Number of accumulated asset changes: 1
Feature changed: false
14:02:54 debug: Target(editor) build started.
14:02:54 debug: Detected change: cce:/internal/x/prerequisite-imports. Last mtime: Thu Jan 01 1970 08:00:41 GMT+0800 (中国标准时间), Current mtime: Thu Jan 01 1970 08:01:10 GMT+0800 (中国标准时间)
14:02:54 debug: Inspect cce:/internal/x/prerequisite-imports
14:02:54 debug: Resolve file:///C:/Users/%E5%92%A9/Desktop/typescript/wx_mini_game/assets/aaadd.ts from cce:/internal/x/prerequisite-imports as file:///C:/Users/%E5%92%A9/Desktop/typescript/wx_mini_game/assets/aaadd.ts.
14:02:54 debug: Inspect file:///C:/Users/%E5%92%A9/Desktop/typescript/wx_mini_game/assets/aaadd.ts
14:02:55 debug: Resolve cc from file:///C:/Users/%E5%92%A9/Desktop/typescript/wx_mini_game/assets/aaadd.ts as cce:/internal/x/cc.
14:02:55 debug: Resolve cc from file:///C:/Users/%E5%92%A9/Desktop/typescript/wx_mini_game/assets/aaadd.ts as cce:/internal/x/cc.
14:02:55 debug: Resolve cc from file:///C:/Users/%E5%92%A9/Desktop/typescript/wx_mini_game/assets/aaadd.ts as cce:/internal/x/cc.
14:02:55 debug: Resolve file:///D:/ProgramData/cocos/editors/Creator/3.8.3/resources/resources/3d/engine/editor/assets/tools/debug-view-runtime-control.ts from cce:/internal/x/prerequisite-imports as file:///D:/ProgramData/cocos/editors/Creator/3.8.3/resources/resources/3d/engine/editor/assets/tools/debug-view-runtime-control.ts.
14:02:55 debug: Target(editor) ends with cost 97.04609990119934ms.
14:02:55 debug: Target(preview) build started.
14:02:55 debug: Detected change: cce:/internal/x/prerequisite-imports. Last mtime: Thu Jan 01 1970 08:00:42 GMT+0800 (中国标准时间), Current mtime: Thu Jan 01 1970 08:01:10 GMT+0800 (中国标准时间)
14:02:55 debug: Inspect cce:/internal/x/prerequisite-imports
14:02:55 debug: Resolve file:///C:/Users/%E5%92%A9/Desktop/typescript/wx_mini_game/assets/aaadd.ts from cce:/internal/x/prerequisite-imports as file:///C:/Users/%E5%92%A9/Desktop/typescript/wx_mini_game/assets/aaadd.ts.
14:02:55 debug: Inspect file:///C:/Users/%E5%92%A9/Desktop/typescript/wx_mini_game/assets/aaadd.ts
14:02:55 debug: Resolve cc from file:///C:/Users/%E5%92%A9/Desktop/typescript/wx_mini_game/assets/aaadd.ts as cce:/internal/x/cc.
14:02:55 debug: Resolve cc from file:///C:/Users/%E5%92%A9/Desktop/typescript/wx_mini_game/assets/aaadd.ts as cce:/internal/x/cc.
14:02:55 debug: Resolve cc from file:///C:/Users/%E5%92%A9/Desktop/typescript/wx_mini_game/assets/aaadd.ts as cce:/internal/x/cc.
14:02:55 debug: Resolve file:///D:/ProgramData/cocos/editors/Creator/3.8.3/resources/resources/3d/engine/editor/assets/tools/debug-view-runtime-control.ts from cce:/internal/x/prerequisite-imports as file:///D:/ProgramData/cocos/editors/Creator/3.8.3/resources/resources/3d/engine/editor/assets/tools/debug-view-runtime-control.ts.
14:02:55 debug: Target(preview) ends with cost 135.55620002746582ms.
