2024-6-28 13:39:55-log: Cannot access game frame or container.
2024-6-28 13:39:57-debug: asset-db:require-engine-code (2726ms)
2024-6-28 13:39:58-log: meshopt wasm decoder initialized
2024-6-28 13:39:58-log: [bullet]:bullet wasm lib loaded.
2024-6-28 13:39:58-log: [box2d]:box2d wasm lib loaded.
2024-6-28 13:39:58-log: Cocos Creator v3.8.3
2024-6-28 13:39:58-debug: [Assets Memory track]: asset-db:worker-init: initEngine start:24.78MB, end 85.21MB, increase: 60.43MB
2024-6-28 13:40:01-debug: [Assets Memory track]: asset-db-plugin-register: engine-extends start:166.76MB, end 169.99MB, increase: 3.23MB
2024-6-28 13:40:01-debug: [Assets Memory track]: asset-db-plugin-register: project start:85.89MB, end 170.05MB, increase: 84.17MB
2024-6-28 13:40:01-debug: [Assets Memory track]: asset-db-plugin-register: builder start:80.45MB, end 166.54MB, increase: 86.09MB
2024-6-28 13:40:01-debug: [Assets Memory track]: asset-db:worker-init: initPlugin start:85.21MB, end 170.07MB, increase: 84.86MB
2024-6-28 13:40:01-debug: asset-db:worker-init: initPlugin (2947ms)
2024-6-28 13:40:01-debug: [Assets Memory track]: asset-db:worker-init start:24.77MB, end 170.14MB, increase: 145.37MB
2024-6-28 13:40:01-debug: Run asset db hook programming:beforePreStart ...
2024-6-28 13:40:01-debug: Run asset db hook engine-extends:beforePreStart ...
2024-6-28 13:40:01-debug: Run asset db hook programming:beforePreStart success!
2024-6-28 13:40:01-debug: Run asset db hook engine-extends:beforePreStart success!
2024-6-28 13:40:01-debug: asset-db:worker-init (6635ms)
2024-6-28 13:40:01-debug: asset-db-hook-engine-extends-beforePreStart (247ms)
2024-6-28 13:40:01-debug: asset-db-hook-programming-beforePreStart (248ms)
2024-6-28 13:40:01-debug: Preimport db internal success
2024-6-28 13:40:01-debug: Run asset db hook programming:afterPreStart ...
2024-6-28 13:40:01-debug: starting packer-driver...
2024-6-28 13:40:01-debug: Preimport db assets success
2024-6-28 13:40:02-debug: initialize scripting environment...
2024-6-28 13:40:02-debug: Set detail map pack:///resolution-detail-map.json: {}
2024-6-28 13:40:02-debug: Run asset db hook programming:afterPreStart success!
2024-6-28 13:40:02-debug: Run asset db hook engine-extends:afterPreStart ...
2024-6-28 13:40:02-debug: Run asset db hook engine-extends:afterPreStart success!
2024-6-28 13:40:02-debug: Start up the 'internal' database...
2024-6-28 13:40:03-debug: asset-db-hook-programming-afterPreStart (1312ms)
2024-6-28 13:40:03-debug: asset-db:worker-effect-data-processing (835ms)
2024-6-28 13:40:03-debug: asset-db-hook-engine-extends-afterPreStart (835ms)
2024-6-28 13:40:03-debug: Start up the 'assets' database...
2024-6-28 13:40:03-debug: asset-db:worker-startup-database[internal] (1910ms)
2024-6-28 13:40:03-debug: %cImport%c: F:\CocosCreateEdit\wx_mini_game\assets\main_scene.scenebackground: #aaff85; color: #000;color: #000;
2024-6-28 13:40:03-debug: %cImport%c: F:\CocosCreateEdit\wx_mini_game\assets\baojian.jpgbackground: #aaff85; color: #000;color: #000;
2024-6-28 13:40:03-debug: %cImport%c: F:\CocosCreateEdit\wx_mini_game\assets\baojian.jpg@6c48abackground: #aaff85; color: #000;color: #000;
2024-6-28 13:40:03-debug: %cImport%c: F:\CocosCreateEdit\wx_mini_game\assets\baojian.jpg@f9941background: #aaff85; color: #000;color: #000;
2024-6-28 13:40:03-debug: lazy register asset handler *
2024-6-28 13:40:03-debug: lazy register asset handler text
2024-6-28 13:40:03-debug: lazy register asset handler directory
2024-6-28 13:40:03-debug: lazy register asset handler json
2024-6-28 13:40:03-debug: lazy register asset handler dragonbones
2024-6-28 13:40:03-debug: lazy register asset handler terrain
2024-6-28 13:40:03-debug: lazy register asset handler spine-data
2024-6-28 13:40:03-debug: lazy register asset handler dragonbones-atlas
2024-6-28 13:40:03-debug: lazy register asset handler scene
2024-6-28 13:40:03-debug: lazy register asset handler prefab
2024-6-28 13:40:03-debug: lazy register asset handler sprite-frame
2024-6-28 13:40:03-debug: lazy register asset handler javascript
2024-6-28 13:40:03-debug: lazy register asset handler image
2024-6-28 13:40:03-debug: lazy register asset handler sign-image
2024-6-28 13:40:03-debug: lazy register asset handler alpha-image
2024-6-28 13:40:03-debug: lazy register asset handler tiled-map
2024-6-28 13:40:03-debug: lazy register asset handler texture
2024-6-28 13:40:03-debug: lazy register asset handler buffer
2024-6-28 13:40:03-debug: lazy register asset handler erp-texture-cube
2024-6-28 13:40:03-debug: lazy register asset handler texture-cube
2024-6-28 13:40:03-debug: lazy register asset handler texture-cube-face
2024-6-28 13:40:03-debug: lazy register asset handler rt-sprite-frame
2024-6-28 13:40:03-debug: lazy register asset handler typescript
2024-6-28 13:40:03-debug: lazy register asset handler render-texture
2024-6-28 13:40:03-debug: lazy register asset handler gltf
2024-6-28 13:40:03-debug: lazy register asset handler gltf-animation
2024-6-28 13:40:03-debug: lazy register asset handler gltf-material
2024-6-28 13:40:03-debug: lazy register asset handler gltf-scene
2024-6-28 13:40:03-debug: lazy register asset handler gltf-skeleton
2024-6-28 13:40:03-debug: lazy register asset handler gltf-embeded-image
2024-6-28 13:40:03-debug: lazy register asset handler material
2024-6-28 13:40:03-debug: lazy register asset handler gltf-mesh
2024-6-28 13:40:03-debug: lazy register asset handler physics-material
2024-6-28 13:40:03-debug: lazy register asset handler fbx
2024-6-28 13:40:03-debug: lazy register asset handler effect-header
2024-6-28 13:40:03-debug: lazy register asset handler animation-clip
2024-6-28 13:40:03-debug: lazy register asset handler audio-clip
2024-6-28 13:40:03-debug: lazy register asset handler animation-graph
2024-6-28 13:40:03-debug: lazy register asset handler animation-graph-variant
2024-6-28 13:40:03-debug: lazy register asset handler ttf-font
2024-6-28 13:40:03-debug: lazy register asset handler animation-mask
2024-6-28 13:40:03-debug: lazy register asset handler bitmap-font
2024-6-28 13:40:03-debug: lazy register asset handler sprite-atlas
2024-6-28 13:40:03-debug: lazy register asset handler particle
2024-6-28 13:40:03-debug: lazy register asset handler auto-atlas
2024-6-28 13:40:03-debug: lazy register asset handler label-atlas
2024-6-28 13:40:03-debug: lazy register asset handler render-pipeline
2024-6-28 13:40:03-debug: lazy register asset handler render-stage
2024-6-28 13:40:03-debug: lazy register asset handler effect
2024-6-28 13:40:03-debug: lazy register asset handler instantiation-material
2024-6-28 13:40:03-debug: lazy register asset handler instantiation-mesh
2024-6-28 13:40:03-debug: lazy register asset handler video-clip
2024-6-28 13:40:03-debug: lazy register asset handler instantiation-skeleton
2024-6-28 13:40:03-debug: lazy register asset handler instantiation-animation
2024-6-28 13:40:03-debug: lazy register asset handler render-flow
2024-6-28 13:40:03-debug: asset-db:worker-startup-database[assets] (1533ms)
2024-6-28 13:40:03-debug: asset-db:start-database (1991ms)
2024-6-28 13:40:03-debug: asset-db:ready (15364ms)
2024-6-28 13:40:03-debug: init worker message success
2024-6-28 13:40:04-debug: [Build Memory track]: builder:worker-init start:161.79MB, end 169.49MB, increase: 7.70MB
2024-6-28 13:40:04-debug: programming:execute-script (8ms)
2024-6-28 13:40:04-debug: builder:worker-init (1210ms)
2024-6-28 13:57:32-debug: refresh db internal success
2024-6-28 13:57:32-debug: refresh db assets success
2024-6-28 13:57:32-debug: Run asset db hook engine-extends:afterRefresh ...
2024-6-28 13:57:32-debug: Run asset db hook engine-extends:afterRefresh success!
2024-6-28 13:57:32-debug: asset-db:refresh-all-database (132ms)
2024-6-28 13:57:32-debug: asset-db:worker-effect-data-processing (1ms)
2024-6-28 13:57:32-debug: asset-db-hook-engine-extends-afterRefresh (1ms)
2024-6-28 13:57:43-debug: refresh db internal success
2024-6-28 13:57:43-debug: refresh db assets success
2024-6-28 13:57:43-debug: Run asset db hook engine-extends:afterRefresh ...
2024-6-28 13:57:43-debug: Run asset db hook engine-extends:afterRefresh success!
2024-6-28 13:57:43-debug: asset-db:refresh-all-database (122ms)
2024-6-28 13:57:43-debug: asset-db:worker-effect-data-processing (1ms)
2024-6-28 13:57:43-debug: asset-db-hook-engine-extends-afterRefresh (1ms)
